<?xml version="1.0" encoding="UTF-8"?>
<!-- Generated by org.testng.reporters.JUnitReportReporter -->
<testsuite skipped="1" hostname="Infva05985" name="Day1.StudentAppAPICalls" tests="2" failures="0" timestamp="23 Sep 2019 22:11:51 GMT" time="1.438" errors="0">
  <testcase name="putCall" time="1.438" classname="Day1.StudentAppAPICalls"/>
  <testcase name="f" classname="Day1.StudentAppAPICalls">
    <skipped/>
  </testcase> <!-- f -->
</testsuite> <!-- Day1.StudentAppAPICalls -->
