<?xml version="1.0" encoding="UTF-8"?>
<!-- Generated by org.testng.reporters.JUnitReportReporter -->
<testsuite skipped="0" hostname="Infva05985" name="Day1.FirstAPIClass" tests="1" failures="0" timestamp="23 Sep 2019 23:38:24 GMT" time="4.264" errors="0">
  <testcase name="f" time="4.264" classname="Day1.FirstAPIClass"/>
</testsuite> <!-- Day1.FirstAPIClass -->
