<?xml version="1.0" encoding="UTF-8"?>
<!-- Generated by org.testng.reporters.JUnitReportReporter -->
<testsuite skipped="1" hostname="Infva05985" name="Day1.Auth" tests="2" failures="0" timestamp="24 Sep 2019 00:24:58 GMT" time="5.450" errors="0">
  <testcase name="f2" time="5.450" classname="Day1.Auth"/>
  <testcase name="f" classname="Day1.Auth">
    <skipped/>
  </testcase> <!-- f -->
</testsuite> <!-- Day1.Auth -->
